<?xml version="1.0" encoding="UTF-8"?>
<testng-results skipped="0" failed="0" total="1" passed="1">
  <reporter-output>
  </reporter-output>
  <suite name="Suite" duration-ms="25050" started-at="2014-07-14T11:53:36Z" finished-at="2014-07-14T11:54:01Z">
    <groups>
    </groups>
    <test name="Test" duration-ms="25050" started-at="2014-07-14T11:53:36Z" finished-at="2014-07-14T11:54:01Z">
      <class name="com.testgit">
        <test-method status="PASS" signature="test123()[pri:0, instance:com.testgit@1961f4]" name="test123" duration-ms="25017" started-at="2014-07-14T17:23:36Z" finished-at="2014-07-14T17:24:01Z">
          <reporter-output>
          </reporter-output>
        </test-method> <!-- test123 -->
      </class> <!-- com.testgit -->
    </test> <!-- Test -->
  </suite> <!-- Suite -->
</testng-results>
